# !SESSION 2021-12-11 17:35:50.649
# version: 1.1
# verbose: true
# The following option strings are specified for this debug session:
# 	com.e1c.g5.v8.dt.platform.standaloneserver.wst.core/debug=true
# 	org.eclipse.core.runtime/perf/success=true
# 	com._1c.g5.v8.dt.compare/debug=true
# 	com.e1c.g5.v8.dt.platform.standaloneserver.core/debug=true
# 	com._1c.g5.v8.dt.platform.services.core/trace/infobase/resource-processing=true
# 	com.e1c.g5.v8.dt.platform.cloud.core/trace/cloud/sync/console=true
# 	com.e1c.g5.v8.dt.platform.cloud.core/debug=true
# 	com._1c.g5.v8.dt.platform.services.core/trace/infobase/load=true
# 	org.eclipse.core.runtime/debug=true
# 	org.eclipse.core.runtime/perf=true
# 	com.e1c.g5.v8.dt.platform.standaloneserver.core/trace=true
# 	org.eclipse.wst.server.core/severe=true
# 	com._1c.g5.v8.dt.platform.services.core/trace/platform=true
# 	com.e1c.g5.v8.dt.platform.cloud.core/trace/cloud/process=true
# 	com.e1c.g5.v8.dt.platform.cloud.core/trace/cloud/tunnel/console=true
# 	com._1c.g5.v8.dt.platform.services.core/trace/infobase/load/object-resolve=true
# 	com.e1c.g5.v8.dt.platform.cloud.wst.core/debug=true
# 	com._1c.g5.v8.dt.platform.services.core/preferences/keep-temp-files/fail=true
# 	com.e1c.g5.v8.dt.platform.cloud.wst.core/trace=true
# 	com._1c.g5.v8.dt.platform.services.core/debug=true
# 	com._1c.g5.v8.dt.compare/trace/git-merge=true
# 	com.e1c.g5.v8.dt.platform.standaloneserver.wst.core/trace=true
# 	com.e1c.g5.v8.dt.platform.cloud.core/trace/cloud=true
| ModalContext | 2021-12-11 17:35:50.649 | com._1c.g5.v8.dt.platform.services.core | /trace/platform | com._1c.g5.v8.dt.internal.platform.services.core.PlatformServicesCore | trace | 197 | Executing 1C:Enterprise runtime command: C:\Program Files (x86)\1cv8t\8.3.8.1933\bin\1cv8t.exe CREATEINFOBASE File="C:\Users\Ваня\Documents\InfoBase4";Locale="ru_RU";DBMS="MSSQLServer"; /AddInList МебельДомТорг /Out C:\Users\BFE1~1\AppData\Local\Temp\1cedt\1cv8-70107239040981308.log |
| Worker-6: Экспорт ресурсов проекта: МебельДомТорг | 2021-12-11 17:36:17.678 | com._1c.g5.v8.dt.platform.services.core | /trace/infobase/resource-processing | com._1c.g5.v8.dt.internal.platform.services.core.PlatformServicesCore | trace | 197 | Processing resource save: L/МебельДомТорг/src/Configuration/Configuration.mdo : [com._1c.g5.v8.dt.metadata.mdclass.impl.ContainedObjectImpl@41824ccc, com._1c.g5.v8.dt.mcore.impl.LocalStringMapEntryImpl@7bfd3b1d, com._1c.g5.v8.dt.metadata.mdclass.impl.ContainedObjectImpl@5fb58ebe, com._1c.g5.v8.dt.metadata.mdclass.impl.LanguageImpl@a36fa13, com._1c.g5.v8.dt.metadata.mdclass.impl.ContainedObjectImpl@b4fbaf87, com._1c.g5.v8.dt.metadata.mdclass.impl.ContainedObjectImpl@cc801957, com._1c.g5.v8.dt.metadata.mdclass.impl.ContainedObjectImpl@f37c5af9, com._1c.g5.v8.dt.metadata.mdclass.impl.ContainedObjectImpl@a600a05a, com._1c.g5.v8.dt.mcore.impl.LocalStringMapEntryImpl@d9b2c87a, com._1c.g5.v8.dt.metadata.mdclass.impl.ConfigurationImpl@91b932da] |
| Worker-6: Экспорт ресурсов проекта: МебельДомТорг | 2021-12-11 17:36:17.682 | com._1c.g5.v8.dt.platform.services.core | /trace/infobase/resource-processing | com._1c.g5.v8.dt.internal.platform.services.core.PlatformServicesCore | trace | 197 | Infobase synchronisation descriptor found: type-com._1c.g5.v8.dt.platform.services.core.infobaseConnection.Incremental strategy-com._1c.g5.v8.dt.platform.services.core.synchronizationStrategy.OnDemand |
| Worker-6: Экспорт ресурсов проекта: МебельДомТорг | 2021-12-11 17:36:17.684 | com._1c.g5.v8.dt.platform.services.core | /trace/infobase/resource-processing | com._1c.g5.v8.dt.internal.platform.services.core.PlatformServicesCore | trace | 197 | Processing object: com._1c.g5.v8.dt.metadata.mdclass.impl.ContainedObjectImpl@41824ccc |
| Worker-6: Экспорт ресурсов проекта: МебельДомТорг | 2021-12-11 17:36:19.048 | com._1c.g5.v8.dt.platform.services.core | /trace/infobase/resource-processing | com._1c.g5.v8.dt.internal.platform.services.core.PlatformServicesCore | trace | 197 | Top object extracted: com._1c.g5.v8.dt.metadata.mdclass.impl.ConfigurationImpl@91b932da |
| Worker-6: Экспорт ресурсов проекта: МебельДомТорг | 2021-12-11 17:36:19.050 | com._1c.g5.v8.dt.platform.services.core | /trace/infobase/resource-processing | com._1c.g5.v8.dt.internal.platform.services.core.PlatformServicesCore | trace | 197 | Processing object: com._1c.g5.v8.dt.mcore.impl.LocalStringMapEntryImpl@7bfd3b1d |
| Worker-6: Экспорт ресурсов проекта: МебельДомТорг | 2021-12-11 17:36:19.069 | com._1c.g5.v8.dt.platform.services.core | /trace/infobase/resource-processing | com._1c.g5.v8.dt.internal.platform.services.core.PlatformServicesCore | trace | 197 | Top object extracted: com._1c.g5.v8.dt.metadata.mdclass.impl.LanguageImpl@a36fa13 |
| Worker-6: Экспорт ресурсов проекта: МебельДомТорг | 2021-12-11 17:36:19.071 | com._1c.g5.v8.dt.platform.services.core | /trace/infobase/resource-processing | com._1c.g5.v8.dt.internal.platform.services.core.PlatformServicesCore | trace | 197 | Processing object: com._1c.g5.v8.dt.metadata.mdclass.impl.ContainedObjectImpl@5fb58ebe |
| Worker-6: Экспорт ресурсов проекта: МебельДомТорг | 2021-12-11 17:36:19.074 | com._1c.g5.v8.dt.platform.services.core | /trace/infobase/resource-processing | com._1c.g5.v8.dt.internal.platform.services.core.PlatformServicesCore | trace | 197 | Top object extracted: com._1c.g5.v8.dt.metadata.mdclass.impl.ConfigurationImpl@91b932da |
| Worker-6: Экспорт ресурсов проекта: МебельДомТорг | 2021-12-11 17:36:19.075 | com._1c.g5.v8.dt.platform.services.core | /trace/infobase/resource-processing | com._1c.g5.v8.dt.internal.platform.services.core.PlatformServicesCore | trace | 197 | Processing object: com._1c.g5.v8.dt.metadata.mdclass.impl.LanguageImpl@a36fa13 |
| Worker-6: Экспорт ресурсов проекта: МебельДомТорг | 2021-12-11 17:36:19.078 | com._1c.g5.v8.dt.platform.services.core | /trace/infobase/resource-processing | com._1c.g5.v8.dt.internal.platform.services.core.PlatformServicesCore | trace | 197 | Top object extracted: com._1c.g5.v8.dt.metadata.mdclass.impl.LanguageImpl@a36fa13 |
| Worker-6: Экспорт ресурсов проекта: МебельДомТорг | 2021-12-11 17:36:19.079 | com._1c.g5.v8.dt.platform.services.core | /trace/infobase/resource-processing | com._1c.g5.v8.dt.internal.platform.services.core.PlatformServicesCore | trace | 197 | Processing object: com._1c.g5.v8.dt.metadata.mdclass.impl.ContainedObjectImpl@b4fbaf87 |
| Worker-6: Экспорт ресурсов проекта: МебельДомТорг | 2021-12-11 17:36:19.081 | com._1c.g5.v8.dt.platform.services.core | /trace/infobase/resource-processing | com._1c.g5.v8.dt.internal.platform.services.core.PlatformServicesCore | trace | 197 | Top object extracted: com._1c.g5.v8.dt.metadata.mdclass.impl.ConfigurationImpl@91b932da |
| Worker-6: Экспорт ресурсов проекта: МебельДомТорг | 2021-12-11 17:36:19.083 | com._1c.g5.v8.dt.platform.services.core | /trace/infobase/resource-processing | com._1c.g5.v8.dt.internal.platform.services.core.PlatformServicesCore | trace | 197 | Processing object: com._1c.g5.v8.dt.metadata.mdclass.impl.ContainedObjectImpl@cc801957 |
| Worker-6: Экспорт ресурсов проекта: МебельДомТорг | 2021-12-11 17:36:19.085 | com._1c.g5.v8.dt.platform.services.core | /trace/infobase/resource-processing | com._1c.g5.v8.dt.internal.platform.services.core.PlatformServicesCore | trace | 197 | Top object extracted: com._1c.g5.v8.dt.metadata.mdclass.impl.ConfigurationImpl@91b932da |
| Worker-6: Экспорт ресурсов проекта: МебельДомТорг | 2021-12-11 17:36:19.087 | com._1c.g5.v8.dt.platform.services.core | /trace/infobase/resource-processing | com._1c.g5.v8.dt.internal.platform.services.core.PlatformServicesCore | trace | 197 | Processing object: com._1c.g5.v8.dt.metadata.mdclass.impl.ContainedObjectImpl@f37c5af9 |
| Worker-6: Экспорт ресурсов проекта: МебельДомТорг | 2021-12-11 17:36:19.089 | com._1c.g5.v8.dt.platform.services.core | /trace/infobase/resource-processing | com._1c.g5.v8.dt.internal.platform.services.core.PlatformServicesCore | trace | 197 | Top object extracted: com._1c.g5.v8.dt.metadata.mdclass.impl.ConfigurationImpl@91b932da |
| Worker-6: Экспорт ресурсов проекта: МебельДомТорг | 2021-12-11 17:36:19.090 | com._1c.g5.v8.dt.platform.services.core | /trace/infobase/resource-processing | com._1c.g5.v8.dt.internal.platform.services.core.PlatformServicesCore | trace | 197 | Processing object: com._1c.g5.v8.dt.metadata.mdclass.impl.ContainedObjectImpl@a600a05a |
| Worker-6: Экспорт ресурсов проекта: МебельДомТорг | 2021-12-11 17:36:19.091 | com._1c.g5.v8.dt.platform.services.core | /trace/infobase/resource-processing | com._1c.g5.v8.dt.internal.platform.services.core.PlatformServicesCore | trace | 197 | Top object extracted: com._1c.g5.v8.dt.metadata.mdclass.impl.ConfigurationImpl@91b932da |
| Worker-6: Экспорт ресурсов проекта: МебельДомТорг | 2021-12-11 17:36:19.093 | com._1c.g5.v8.dt.platform.services.core | /trace/infobase/resource-processing | com._1c.g5.v8.dt.internal.platform.services.core.PlatformServicesCore | trace | 197 | Processing object: com._1c.g5.v8.dt.mcore.impl.LocalStringMapEntryImpl@d9b2c87a |
| Worker-6: Экспорт ресурсов проекта: МебельДомТорг | 2021-12-11 17:36:19.094 | com._1c.g5.v8.dt.platform.services.core | /trace/infobase/resource-processing | com._1c.g5.v8.dt.internal.platform.services.core.PlatformServicesCore | trace | 197 | Top object extracted: com._1c.g5.v8.dt.metadata.mdclass.impl.ConfigurationImpl@91b932da |
| Worker-6: Экспорт ресурсов проекта: МебельДомТорг | 2021-12-11 17:36:19.096 | com._1c.g5.v8.dt.platform.services.core | /trace/infobase/resource-processing | com._1c.g5.v8.dt.internal.platform.services.core.PlatformServicesCore | trace | 197 | Processing object: com._1c.g5.v8.dt.metadata.mdclass.impl.ConfigurationImpl@91b932da |
| Worker-6: Экспорт ресурсов проекта: МебельДомТорг | 2021-12-11 17:36:19.097 | com._1c.g5.v8.dt.platform.services.core | /trace/infobase/resource-processing | com._1c.g5.v8.dt.internal.platform.services.core.PlatformServicesCore | trace | 197 | Top object extracted: com._1c.g5.v8.dt.metadata.mdclass.impl.ConfigurationImpl@91b932da |
| Worker-6: Экспорт ресурсов проекта: МебельДомТорг | 2021-12-11 17:36:19.098 | com._1c.g5.v8.dt.platform.services.core | /trace/infobase/resource-processing | com._1c.g5.v8.dt.internal.platform.services.core.PlatformServicesCore | trace | 197 | Processing top object: com._1c.g5.v8.dt.metadata.mdclass.impl.ConfigurationImpl@91b932da |
| Worker-6: Экспорт ресурсов проекта: МебельДомТорг | 2021-12-11 17:36:19.106 | com._1c.g5.v8.dt.platform.services.core | /trace/infobase/resource-processing | com._1c.g5.v8.dt.internal.platform.services.core.PlatformServicesCore | trace | 197 | Updates collected: [bm://МебельДомТорг/Configuration#/languages:Русский, bm://МебельДомТорг/Configuration#/] |
| Worker-6: Экспорт ресурсов проекта: МебельДомТорг | 2021-12-11 17:36:19.107 | com._1c.g5.v8.dt.platform.services.core | /trace/infobase/resource-processing | com._1c.g5.v8.dt.internal.platform.services.core.PlatformServicesCore | trace | 197 | Processing top object: com._1c.g5.v8.dt.metadata.mdclass.impl.LanguageImpl@a36fa13 |
| Worker-6: Экспорт ресурсов проекта: МебельДомТорг | 2021-12-11 17:36:19.109 | com._1c.g5.v8.dt.platform.services.core | /trace/infobase/resource-processing | com._1c.g5.v8.dt.internal.platform.services.core.PlatformServicesCore | trace | 197 | Updates collected: [bm://МебельДомТорг/Configuration#/languages:Русский] |
| Worker-6: Экспорт ресурсов проекта: МебельДомТорг | 2021-12-11 17:36:19.116 | com._1c.g5.v8.dt.platform.services.core | /trace/infobase/resource-processing | com._1c.g5.v8.dt.internal.platform.services.core.PlatformServicesCore | trace | 197 | Configuration added to update list |
| Worker-6: Экспорт ресурсов проекта: МебельДомТорг | 2021-12-11 17:36:19.117 | com._1c.g5.v8.dt.platform.services.core | /trace/infobase/resource-processing | com._1c.g5.v8.dt.internal.platform.services.core.PlatformServicesCore | trace | 197 | Object updates after change processing: [bm://МебельДомТорг/Configuration#/languages:Русский, bm://МебельДомТорг/Configuration#/] |
| Worker-6: Экспорт ресурсов проекта: МебельДомТорг | 2021-12-11 17:36:19.129 | com._1c.g5.v8.dt.platform.services.core | /trace/infobase/resource-processing | com._1c.g5.v8.dt.internal.platform.services.core.PlatformServicesCore | trace | 197 | Resource save processing finished |
| Worker-6: Экспорт ресурсов проекта: МебельДомТорг | 2021-12-11 17:36:19.157 | com._1c.g5.v8.dt.platform.services.core | /trace/infobase/resource-processing | com._1c.g5.v8.dt.internal.platform.services.core.PlatformServicesCore | trace | 197 | Processing resource save: L/МебельДомТорг/src/Configuration/CommandInterface.cmi : [com._1c.g5.v8.dt.cmi.model.impl.CommandInterfaceImpl@fa870a98] |
| Worker-6: Экспорт ресурсов проекта: МебельДомТорг | 2021-12-11 17:36:19.171 | com._1c.g5.v8.dt.platform.services.core | /trace/infobase/resource-processing | com._1c.g5.v8.dt.internal.platform.services.core.PlatformServicesCore | trace | 197 | Infobase synchronisation descriptor found: type-com._1c.g5.v8.dt.platform.services.core.infobaseConnection.Incremental strategy-com._1c.g5.v8.dt.platform.services.core.synchronizationStrategy.OnDemand |
| Worker-6: Экспорт ресурсов проекта: МебельДомТорг | 2021-12-11 17:36:19.172 | com._1c.g5.v8.dt.platform.services.core | /trace/infobase/resource-processing | com._1c.g5.v8.dt.internal.platform.services.core.PlatformServicesCore | trace | 197 | Processing object: com._1c.g5.v8.dt.cmi.model.impl.CommandInterfaceImpl@fa870a98 |
| Worker-6: Экспорт ресурсов проекта: МебельДомТорг | 2021-12-11 17:36:19.177 | com._1c.g5.v8.dt.platform.services.core | /trace/infobase/resource-processing | com._1c.g5.v8.dt.internal.platform.services.core.PlatformServicesCore | trace | 197 | Top object extracted: com._1c.g5.v8.dt.cmi.model.impl.CommandInterfaceImpl@fa870a98 |
| Worker-6: Экспорт ресурсов проекта: МебельДомТорг | 2021-12-11 17:36:19.178 | com._1c.g5.v8.dt.platform.services.core | /trace/infobase/resource-processing | com._1c.g5.v8.dt.internal.platform.services.core.PlatformServicesCore | trace | 197 | Processing top object: com._1c.g5.v8.dt.cmi.model.impl.CommandInterfaceImpl@fa870a98 |
| Worker-6: Экспорт ресурсов проекта: МебельДомТорг | 2021-12-11 17:36:19.179 | com._1c.g5.v8.dt.platform.services.core | /trace/infobase/resource-processing | com._1c.g5.v8.dt.internal.platform.services.core.PlatformServicesCore | trace | 197 | Updates collected: [bm://МебельДомТорг/Configuration.CommandInterface#/] |
| Worker-6: Экспорт ресурсов проекта: МебельДомТорг | 2021-12-11 17:36:19.180 | com._1c.g5.v8.dt.platform.services.core | /trace/infobase/resource-processing | com._1c.g5.v8.dt.internal.platform.services.core.PlatformServicesCore | trace | 197 | Configuration added to update list |
| Worker-6: Экспорт ресурсов проекта: МебельДомТорг | 2021-12-11 17:36:19.181 | com._1c.g5.v8.dt.platform.services.core | /trace/infobase/resource-processing | com._1c.g5.v8.dt.internal.platform.services.core.PlatformServicesCore | trace | 197 | Object updates after change processing: [bm://МебельДомТорг/Configuration.CommandInterface#/, bm://МебельДомТорг/Configuration#/] |
| Worker-6: Экспорт ресурсов проекта: МебельДомТорг | 2021-12-11 17:36:19.224 | com._1c.g5.v8.dt.platform.services.core | /trace/infobase/resource-processing | com._1c.g5.v8.dt.internal.platform.services.core.PlatformServicesCore | trace | 197 | Resource save processing finished |
| Worker-6: Экспорт ресурсов проекта: МебельДомТорг | 2021-12-11 17:36:19.258 | com._1c.g5.v8.dt.platform.services.core | /trace/infobase/resource-processing | com._1c.g5.v8.dt.internal.platform.services.core.PlatformServicesCore | trace | 197 | Processing resource save: L/МебельДомТорг/src/Configuration/MainSectionCommandInterface.cmi : [com._1c.g5.v8.dt.cmi.model.impl.CommandInterfaceImpl@177c32c6] |
| Worker-6: Экспорт ресурсов проекта: МебельДомТорг | 2021-12-11 17:36:19.260 | com._1c.g5.v8.dt.platform.services.core | /trace/infobase/resource-processing | com._1c.g5.v8.dt.internal.platform.services.core.PlatformServicesCore | trace | 197 | Infobase synchronisation descriptor found: type-com._1c.g5.v8.dt.platform.services.core.infobaseConnection.Incremental strategy-com._1c.g5.v8.dt.platform.services.core.synchronizationStrategy.OnDemand |
| Worker-6: Экспорт ресурсов проекта: МебельДомТорг | 2021-12-11 17:36:19.261 | com._1c.g5.v8.dt.platform.services.core | /trace/infobase/resource-processing | com._1c.g5.v8.dt.internal.platform.services.core.PlatformServicesCore | trace | 197 | Processing object: com._1c.g5.v8.dt.cmi.model.impl.CommandInterfaceImpl@177c32c6 |
| Worker-6: Экспорт ресурсов проекта: МебельДомТорг | 2021-12-11 17:36:19.264 | com._1c.g5.v8.dt.platform.services.core | /trace/infobase/resource-processing | com._1c.g5.v8.dt.internal.platform.services.core.PlatformServicesCore | trace | 197 | Top object extracted: com._1c.g5.v8.dt.cmi.model.impl.CommandInterfaceImpl@177c32c6 |
| Worker-6: Экспорт ресурсов проекта: МебельДомТорг | 2021-12-11 17:36:19.265 | com._1c.g5.v8.dt.platform.services.core | /trace/infobase/resource-processing | com._1c.g5.v8.dt.internal.platform.services.core.PlatformServicesCore | trace | 197 | Processing top object: com._1c.g5.v8.dt.cmi.model.impl.CommandInterfaceImpl@177c32c6 |
| Worker-6: Экспорт ресурсов проекта: МебельДомТорг | 2021-12-11 17:36:19.267 | com._1c.g5.v8.dt.platform.services.core | /trace/infobase/resource-processing | com._1c.g5.v8.dt.internal.platform.services.core.PlatformServicesCore | trace | 197 | Updates collected: [bm://МебельДомТорг/Configuration.MainSectionCommandInterface#/] |
| Worker-6: Экспорт ресурсов проекта: МебельДомТорг | 2021-12-11 17:36:19.269 | com._1c.g5.v8.dt.platform.services.core | /trace/infobase/resource-processing | com._1c.g5.v8.dt.internal.platform.services.core.PlatformServicesCore | trace | 197 | Configuration added to update list |
| Worker-6: Экспорт ресурсов проекта: МебельДомТорг | 2021-12-11 17:36:19.270 | com._1c.g5.v8.dt.platform.services.core | /trace/infobase/resource-processing | com._1c.g5.v8.dt.internal.platform.services.core.PlatformServicesCore | trace | 197 | Object updates after change processing: [bm://МебельДомТорг/Configuration.MainSectionCommandInterface#/, bm://МебельДомТорг/Configuration#/] |
| Worker-6: Экспорт ресурсов проекта: МебельДомТорг | 2021-12-11 17:36:19.277 | com._1c.g5.v8.dt.platform.services.core | /trace/infobase/resource-processing | com._1c.g5.v8.dt.internal.platform.services.core.PlatformServicesCore | trace | 197 | Resource save processing finished |
